{"C:\\Users\\299338\\Documents\\Updated-final-interview\\React-second-round\\src\\App.tsx": {"path":"C:\\Users\\299338\\Documents\\Updated-final-interview\\React-second-round\\src\\App.tsx","all":false,"statementMap":{"0":{"start":{"line":1,"column":0},"end":{"line":1,"column":18}},"1":{"start":{"line":2,"column":0},"end":{"line":2,"column":50}},"2":{"start":{"line":3,"column":0},"end":{"line":3,"column":16}},"4":{"start":{"line":5,"column":0},"end":{"line":5,"column":10}},"5":{"start":{"line":6,"column":0},"end":{"line":6,"column":6}},"6":{"start":{"line":7,"column":0},"end":{"line":7,"column":34}},"7":{"start":{"line":8,"column":0},"end":{"line":8,"column":21}},"8":{"start":{"line":9,"column":0},"end":{"line":9,"column":7}},"10":{"start":{"line":11,"column":0},"end":{"line":11,"column":1}},"12":{"start":{"line":13,"column":0},"end":{"line":13,"column":18}}},"s":{"0":1,"1":1,"2":1,"4":1,"5":1,"6":1,"7":1,"8":1,"10":1,"12":1},"branchMap":{"0":{"type":"branch","line":3,"loc":{"start":{"line":3,"column":0},"end":{"line":11,"column":1}},"locations":[{"start":{"line":3,"column":0},"end":{"line":11,"column":1}}]}},"b":{"0":[1]},"fnMap":{"0":{"name":"App","decl":{"start":{"line":3,"column":0},"end":{"line":11,"column":1}},"loc":{"start":{"line":3,"column":0},"end":{"line":11,"column":1}},"line":3}},"f":{"0":1}}
,"C:\\Users\\299338\\Documents\\Updated-final-interview\\React-second-round\\src\\main.tsx": {"path":"C:\\Users\\299338\\Documents\\Updated-final-interview\\React-second-round\\src\\main.tsx","all":true,"statementMap":{"0":{"start":{"line":1,"column":0},"end":{"line":1,"column":34}},"1":{"start":{"line":2,"column":0},"end":{"line":2,"column":45}},"2":{"start":{"line":3,"column":0},"end":{"line":3,"column":20}},"3":{"start":{"line":4,"column":0},"end":{"line":4,"column":27}},"5":{"start":{"line":6,"column":0},"end":{"line":6,"column":52}},"6":{"start":{"line":7,"column":0},"end":{"line":7,"column":14}},"7":{"start":{"line":8,"column":0},"end":{"line":8,"column":11}},"8":{"start":{"line":9,"column":0},"end":{"line":9,"column":16}},"9":{"start":{"line":10,"column":0},"end":{"line":10,"column":1}}},"s":{"0":0,"1":0,"2":0,"3":0,"5":0,"6":0,"7":0,"8":0,"9":0},"branchMap":{"0":{"type":"branch","line":1,"loc":{"start":{"line":1,"column":210},"end":{"line":10,"column":-156}},"locations":[{"start":{"line":1,"column":210},"end":{"line":10,"column":-156}}]}},"b":{"0":[0]},"fnMap":{"0":{"name":"(empty-report)","decl":{"start":{"line":1,"column":210},"end":{"line":10,"column":-156}},"loc":{"start":{"line":1,"column":210},"end":{"line":10,"column":-156}},"line":1}},"f":{"0":0}}
,"C:\\Users\\299338\\Documents\\Updated-final-interview\\React-second-round\\src\\Components\\ProductList.tsx": {"path":"C:\\Users\\299338\\Documents\\Updated-final-interview\\React-second-round\\src\\Components\\ProductList.tsx","all":false,"statementMap":{"0":{"start":{"line":1,"column":0},"end":{"line":1,"column":49}},"1":{"start":{"line":2,"column":0},"end":{"line":2,"column":47}},"2":{"start":{"line":3,"column":0},"end":{"line":3,"column":53}},"3":{"start":{"line":4,"column":0},"end":{"line":4,"column":32}},"20":{"start":{"line":21,"column":0},"end":{"line":21,"column":39}},"21":{"start":{"line":22,"column":0},"end":{"line":22,"column":43}},"22":{"start":{"line":23,"column":0},"end":{"line":23,"column":51}},"25":{"start":{"line":26,"column":0},"end":{"line":26,"column":22}},"26":{"start":{"line":27,"column":0},"end":{"line":27,"column":9}},"27":{"start":{"line":28,"column":0},"end":{"line":28,"column":68}},"28":{"start":{"line":29,"column":0},"end":{"line":29,"column":23}},"29":{"start":{"line":30,"column":0},"end":{"line":30,"column":26}},"30":{"start":{"line":31,"column":0},"end":{"line":31,"column":21}},"31":{"start":{"line":32,"column":0},"end":{"line":32,"column":4}},"34":{"start":{"line":35,"column":0},"end":{"line":35,"column":62}},"36":{"start":{"line":37,"column":0},"end":{"line":37,"column":10}},"37":{"start":{"line":38,"column":0},"end":{"line":38,"column":9}},"38":{"start":{"line":39,"column":0},"end":{"line":39,"column":34}},"39":{"start":{"line":40,"column":0},"end":{"line":40,"column":8}},"40":{"start":{"line":41,"column":0},"end":{"line":41,"column":15}},"41":{"start":{"line":42,"column":0},"end":{"line":42,"column":36}},"42":{"start":{"line":43,"column":0},"end":{"line":43,"column":18}},"43":{"start":{"line":44,"column":0},"end":{"line":44,"column":47}},"44":{"start":{"line":45,"column":0},"end":{"line":45,"column":28}},"45":{"start":{"line":46,"column":0},"end":{"line":46,"column":4}},"46":{"start":{"line":47,"column":0},"end":{"line":47,"column":6}},"48":{"start":{"line":49,"column":0},"end":{"line":49,"column":63}},"49":{"start":{"line":50,"column":0},"end":{"line":50,"column":79}},"50":{"start":{"line":51,"column":0},"end":{"line":51,"column":33}},"51":{"start":{"line":52,"column":0},"end":{"line":52,"column":39}},"52":{"start":{"line":53,"column":0},"end":{"line":53,"column":36}},"53":{"start":{"line":54,"column":0},"end":{"line":54,"column":51}},"54":{"start":{"line":55,"column":0},"end":{"line":55,"column":93}},"55":{"start":{"line":56,"column":0},"end":{"line":56,"column":56}},"56":{"start":{"line":57,"column":0},"end":{"line":57,"column":55}},"57":{"start":{"line":58,"column":0},"end":{"line":58,"column":58}},"58":{"start":{"line":59,"column":0},"end":{"line":59,"column":16}},"59":{"start":{"line":60,"column":0},"end":{"line":60,"column":11}},"60":{"start":{"line":61,"column":0},"end":{"line":61,"column":12}},"61":{"start":{"line":62,"column":0},"end":{"line":62,"column":6}},"63":{"start":{"line":64,"column":0},"end":{"line":64,"column":10}},"65":{"start":{"line":66,"column":0},"end":{"line":66,"column":1}}},"s":{"0":1,"1":1,"2":1,"3":1,"20":6,"21":6,"22":6,"25":6,"26":6,"27":6,"28":6,"29":6,"30":6,"31":6,"34":6,"36":6,"37":6,"38":6,"39":6,"40":6,"41":6,"42":6,"43":6,"44":6,"45":6,"46":6,"48":6,"49":6,"50":6,"51":6,"52":6,"53":2,"54":2,"55":2,"56":2,"57":2,"58":2,"59":6,"60":6,"61":6,"63":6,"65":6},"branchMap":{"0":{"type":"branch","line":21,"loc":{"start":{"line":21,"column":0},"end":{"line":66,"column":1}},"locations":[{"start":{"line":21,"column":0},"end":{"line":66,"column":1}}]},"1":{"type":"branch","line":49,"loc":{"start":{"line":49,"column":7},"end":{"line":49,"column":63}},"locations":[{"start":{"line":49,"column":7},"end":{"line":49,"column":63}}]},"2":{"type":"branch","line":50,"loc":{"start":{"line":50,"column":7},"end":{"line":50,"column":79}},"locations":[{"start":{"line":50,"column":7},"end":{"line":50,"column":79}}]},"3":{"type":"branch","line":53,"loc":{"start":{"line":53,"column":9},"end":{"line":53,"column":24}},"locations":[{"start":{"line":53,"column":9},"end":{"line":53,"column":24}}]},"4":{"type":"branch","line":27,"loc":{"start":{"line":27,"column":4},"end":{"line":30,"column":26}},"locations":[{"start":{"line":27,"column":4},"end":{"line":30,"column":26}}]},"5":{"type":"branch","line":44,"loc":{"start":{"line":44,"column":14},"end":{"line":44,"column":47}},"locations":[{"start":{"line":44,"column":14},"end":{"line":44,"column":47}}]},"6":{"type":"branch","line":53,"loc":{"start":{"line":53,"column":28},"end":{"line":59,"column":16}},"locations":[{"start":{"line":53,"column":28},"end":{"line":59,"column":16}}]}},"b":{"0":[6],"1":[2],"2":[1],"3":[3],"4":[6],"5":[1],"6":[2]},"fnMap":{"0":{"name":"ProductList","decl":{"start":{"line":21,"column":0},"end":{"line":66,"column":1}},"loc":{"start":{"line":21,"column":0},"end":{"line":66,"column":1}},"line":21},"1":{"name":"onChange","decl":{"start":{"line":44,"column":14},"end":{"line":44,"column":47}},"loc":{"start":{"line":44,"column":14},"end":{"line":44,"column":47}},"line":44}},"f":{"0":6,"1":1}}
,"C:\\Users\\299338\\Documents\\Updated-final-interview\\React-second-round\\src\\CustomHooks\\Usedebounce.tsx": {"path":"C:\\Users\\299338\\Documents\\Updated-final-interview\\React-second-round\\src\\CustomHooks\\Usedebounce.tsx","all":false,"statementMap":{"0":{"start":{"line":1,"column":0},"end":{"line":1,"column":44}},"2":{"start":{"line":3,"column":0},"end":{"line":3,"column":74}},"3":{"start":{"line":4,"column":0},"end":{"line":4,"column":65}},"5":{"start":{"line":6,"column":0},"end":{"line":6,"column":19}},"6":{"start":{"line":7,"column":0},"end":{"line":7,"column":38}},"7":{"start":{"line":8,"column":0},"end":{"line":8,"column":31}},"8":{"start":{"line":9,"column":0},"end":{"line":9,"column":14}},"10":{"start":{"line":11,"column":0},"end":{"line":11,"column":39}},"11":{"start":{"line":12,"column":0},"end":{"line":12,"column":21}},"13":{"start":{"line":14,"column":0},"end":{"line":14,"column":24}},"14":{"start":{"line":15,"column":0},"end":{"line":15,"column":1}}},"s":{"0":1,"2":1,"3":1,"5":1,"6":1,"7":0,"8":1,"10":1,"11":1,"13":1,"14":1},"branchMap":{"0":{"type":"branch","line":3,"loc":{"start":{"line":3,"column":0},"end":{"line":15,"column":1}},"locations":[{"start":{"line":3,"column":0},"end":{"line":15,"column":1}}]},"1":{"type":"branch","line":6,"loc":{"start":{"line":6,"column":12},"end":{"line":12,"column":5}},"locations":[{"start":{"line":6,"column":12},"end":{"line":12,"column":5}}]},"2":{"type":"branch","line":11,"loc":{"start":{"line":11,"column":11},"end":{"line":11,"column":39}},"locations":[{"start":{"line":11,"column":11},"end":{"line":11,"column":39}}]}},"b":{"0":[1],"1":[1],"2":[1]},"fnMap":{"0":{"name":"useDebounce","decl":{"start":{"line":3,"column":0},"end":{"line":15,"column":1}},"loc":{"start":{"line":3,"column":0},"end":{"line":15,"column":1}},"line":3}},"f":{"0":1}}
,"C:\\Users\\299338\\Documents\\Updated-final-interview\\React-second-round\\src\\CustomHooks\\Usefetch.tsx": {"path":"C:\\Users\\299338\\Documents\\Updated-final-interview\\React-second-round\\src\\CustomHooks\\Usefetch.tsx","all":false,"statementMap":{"0":{"start":{"line":1,"column":0},"end":{"line":1,"column":44}},"2":{"start":{"line":3,"column":0},"end":{"line":3,"column":45}},"3":{"start":{"line":4,"column":0},"end":{"line":4,"column":51}},"4":{"start":{"line":5,"column":0},"end":{"line":5,"column":56}},"5":{"start":{"line":6,"column":0},"end":{"line":6,"column":57}},"7":{"start":{"line":8,"column":0},"end":{"line":8,"column":19}},"8":{"start":{"line":9,"column":0},"end":{"line":9,"column":25}},"9":{"start":{"line":10,"column":0},"end":{"line":10,"column":21}},"10":{"start":{"line":11,"column":0},"end":{"line":11,"column":19}},"12":{"start":{"line":13,"column":0},"end":{"line":13,"column":14}},"13":{"start":{"line":14,"column":0},"end":{"line":14,"column":22}},"14":{"start":{"line":15,"column":0},"end":{"line":15,"column":74}},"15":{"start":{"line":16,"column":0},"end":{"line":16,"column":40}},"16":{"start":{"line":17,"column":0},"end":{"line":17,"column":8}},"17":{"start":{"line":18,"column":0},"end":{"line":18,"column":23}},"18":{"start":{"line":19,"column":0},"end":{"line":19,"column":37}},"19":{"start":{"line":20,"column":0},"end":{"line":20,"column":8}},"20":{"start":{"line":21,"column":0},"end":{"line":21,"column":30}},"21":{"start":{"line":22,"column":0},"end":{"line":22,"column":37}},"22":{"start":{"line":23,"column":0},"end":{"line":23,"column":8}},"23":{"start":{"line":24,"column":0},"end":{"line":24,"column":22}},"24":{"start":{"line":25,"column":0},"end":{"line":25,"column":41}},"25":{"start":{"line":26,"column":0},"end":{"line":26,"column":9}},"27":{"start":{"line":28,"column":0},"end":{"line":28,"column":34}},"28":{"start":{"line":29,"column":0},"end":{"line":29,"column":24}},"29":{"start":{"line":30,"column":0},"end":{"line":30,"column":6}},"30":{"start":{"line":31,"column":0},"end":{"line":31,"column":12}},"32":{"start":{"line":33,"column":0},"end":{"line":33,"column":34}},"33":{"start":{"line":34,"column":0},"end":{"line":34,"column":1}},"35":{"start":{"line":36,"column":0},"end":{"line":36,"column":24}}},"s":{"0":1,"2":1,"3":1,"4":1,"5":1,"7":1,"8":1,"9":1,"10":1,"12":1,"13":1,"14":0,"15":0,"16":1,"17":1,"18":0,"19":1,"20":1,"21":0,"22":1,"23":1,"24":0,"25":1,"27":1,"28":1,"29":1,"30":1,"32":1,"33":1,"35":1},"branchMap":{"0":{"type":"branch","line":3,"loc":{"start":{"line":3,"column":0},"end":{"line":34,"column":1}},"locations":[{"start":{"line":3,"column":0},"end":{"line":34,"column":1}}]},"1":{"type":"branch","line":8,"loc":{"start":{"line":8,"column":12},"end":{"line":31,"column":5}},"locations":[{"start":{"line":8,"column":12},"end":{"line":31,"column":5}}]},"2":{"type":"branch","line":28,"loc":{"start":{"line":28,"column":11},"end":{"line":30,"column":6}},"locations":[{"start":{"line":28,"column":11},"end":{"line":30,"column":6}}]}},"b":{"0":[1],"1":[1],"2":[1]},"fnMap":{"0":{"name":"useFetch","decl":{"start":{"line":3,"column":0},"end":{"line":34,"column":1}},"loc":{"start":{"line":3,"column":0},"end":{"line":34,"column":1}},"line":3}},"f":{"0":1}}
}
